<?xml version="1.0" encoding="UTF-8"?>
<!-- Generated by org.testng.reporters.JUnitXMLReporter -->
<testsuite hostname="CNSHHQ-0108" name="API_AutoFramework" tests="2" failures="1" timestamp="29 Jul 2018 10:18:13 GMT" time="0.182" errors="0">
  <testcase name="testAssert1" time="0.014" classname="com.qa.report.TestTheReport"/>
  <testcase name="testAssert1" time="0.002" classname="com.qa.report.TestTheReport">
    <failure type="java.lang.AssertionError" message="expected [2] but found [1]">
      <![CDATA[java.lang.AssertionError: expected [2] but found [1]
	at com.qa.report.TestTheReport.testAssert1(TestTheReport.java:17)
... Removed 28 stack frames]]>
    </failure>
  </testcase> <!-- testAssert1 -->
</testsuite> <!-- API_AutoFramework -->
